Using pre-set license

 COMMAND LINE ARGUMENTS:
/Applications/Unity/Unity.app/Contents/MacOS/Unity
-adb2
-batchMode
-noUpm
-name
AssetImportWorker0
-projectPath
/Users/Jack/Documents/UNI/Games Engines/Coursework 2/VR-School-Escape-Game/Coursework 2
-logFile
Logs/AssetImportWorker0.log
-srvPort
61465
Successfully changed project path to: /Users/Jack/Documents/UNI/Games Engines/Coursework 2/VR-School-Escape-Game/Coursework 2
/Users/Jack/Documents/UNI/Games Engines/Coursework 2/VR-School-Escape-Game/Coursework 2
Using Asset Import Pipeline V2.
Refreshing native plugins compatible for Editor in 249.16 ms, found 2 plugins.
Preloading 0 native plugins for Editor in 0.00 ms.
Initialize engine version: 2020.3.8f1 (507919d4fff5)
[Subsystems] Discovering subsystems at path /Applications/Unity/Unity.app/Contents/Resources/UnitySubsystems
[Subsystems] Discovering subsystems at path /Users/Jack/Documents/UNI/Games Engines/Coursework 2/VR-School-Escape-Game/Coursework 2/Assets
GfxDevice: creating device client; threaded=0
2022-01-29 22:32:15.279 Unity[17489:370107] (null) preferred device: Apple M1 (high power)
2022-01-29 22:32:15.279 Unity[17489:370107] Metal devices available: 1
2022-01-29 22:32:15.279 Unity[17489:370107] 0: Apple M1 (high power)
2022-01-29 22:32:15.283 Unity[17489:370107] Using device Apple M1 (high power)
Initializing Metal device caps: Apple M1
Initialize mono
Mono path[0] = '/Applications/Unity/Unity.app/Contents/Managed'
Mono path[1] = '/Applications/Unity/Unity.app/Contents/MonoBleedingEdge/lib/mono/unityjit'
Mono config path = '/Applications/Unity/Unity.app/Contents/MonoBleedingEdge/etc'
Using monoOptions --debugger-agent=transport=dt_socket,embedding=1,server=y,suspend=n,address=127.0.0.1:56489
Begin MonoManager ReloadAssembly
Registering precompiled unity dll's ...
Register platform support module: /Applications/Unity/Unity.app/Contents/PlaybackEngines/MacStandaloneSupport/UnityEditor.OSXStandalone.Extensions.dll
Registered in 0.001260 seconds.
Native extension for OSXStandalone target not found
Refreshing native plugins compatible for Editor in 121.20 ms, found 2 plugins.
Preloading 0 native plugins for Editor in 0.00 ms.
Mono: successfully reloaded assembly
- Completed reload, in  2.141 seconds
Platform modules already initialized, skipping
Registering precompiled user dll's ...
Registered in 0.007282 seconds.
Begin MonoManager ReloadAssembly
Symbol file LoadedFromMemory doesn't match image /Users/Jack/Documents/UNI/Games Engines/Coursework 2/VR-School-Escape-Game/Coursework 2/Library/PackageCache/com.unity.visualscripting@1.7.5/Editor/VisualScripting.Core/Dependencies/YamlDotNet/Unity.VisualScripting.YamlDotNet.dll
Symbol file LoadedFromMemory doesn't match image /Users/Jack/Documents/UNI/Games Engines/Coursework 2/VR-School-Escape-Game/Coursework 2/Library/PackageCache/com.unity.visualscripting@1.7.5/Editor/VisualScripting.Core/Dependencies/DotNetZip/Unity.VisualScripting.IonicZip.dll
Native extension for OSXStandalone target not found
Refreshing native plugins compatible for Editor in 0.97 ms, found 2 plugins.
Preloading 0 native plugins for Editor in 0.00 ms.
Mono: successfully reloaded assembly
- Completed reload, in  2.758 seconds
Platform modules already initialized, skipping
========================================================================
Worker process is ready to serve import requests
Launching external process: /Applications/Unity/Unity.app/Contents/Tools/UnityShaderCompiler
Launched and connected shader compiler UnityShaderCompiler after 0.18 seconds
Refreshing native plugins compatible for Editor in 1.77 ms, found 2 plugins.
Preloading 0 native plugins for Editor in 0.00 ms.
Unloading 3715 Unused Serialized files (Serialized files now loaded: 0)
System memory in use before: 294.2 MB.
System memory in use after: 293.9 MB.

Unloading 105 unused Assets to reduce memory usage. Loaded Objects now: 4150.
Total: 5.196625 ms (FindLiveObjects: 0.738500 ms CreateObjectMapping: 0.137500 ms MarkObjects: 3.598750 ms  DeleteObjects: 0.721291 ms)

========================================================================
Received Prepare
Registering precompiled user dll's ...
Registered in 0.004120 seconds.
Begin MonoManager ReloadAssembly
Symbol file LoadedFromMemory doesn't match image /Users/Jack/Documents/UNI/Games Engines/Coursework 2/VR-School-Escape-Game/Coursework 2/Library/PackageCache/com.unity.visualscripting@1.7.5/Editor/VisualScripting.Core/Dependencies/YamlDotNet/Unity.VisualScripting.YamlDotNet.dll
Symbol file LoadedFromMemory doesn't match image /Users/Jack/Documents/UNI/Games Engines/Coursework 2/VR-School-Escape-Game/Coursework 2/Library/PackageCache/com.unity.visualscripting@1.7.5/Editor/VisualScripting.Core/Dependencies/DotNetZip/Unity.VisualScripting.IonicZip.dll
Native extension for OSXStandalone target not found
Refreshing native plugins compatible for Editor in 0.97 ms, found 2 plugins.
Preloading 0 native plugins for Editor in 0.00 ms.
Warning: Annotation not found!
UnityEngine.StackTraceUtility:ExtractStackTrace () (at /Users/bokken/buildslave/unity/build/Runtime/Export/Scripting/StackTrace.cs:37)
UnityEditor.ProBuilder.EditorUtility:SetGizmoIconEnabled (System.Type,bool) (at Library/PackageCache/com.unity.probuilder@5.0.3/Editor/EditorCore/EditorUtility.cs:575)
UnityEditor.ProBuilder.HierarchyListener:.cctor () (at Library/PackageCache/com.unity.probuilder@5.0.3/Editor/EditorCore/HierarchyListener.cs:21)
System.Runtime.CompilerServices.RuntimeHelpers:RunClassConstructor (System.RuntimeTypeHandle)
UnityEditor.EditorAssemblies:ProcessInitializeOnLoadAttributes (System.Type[]) (at /Users/bokken/buildslave/unity/build/Editor/Mono/EditorAssemblies.cs:114)

[Library/PackageCache/com.unity.probuilder@5.0.3/Editor/EditorCore/EditorUtility.cs line 575]

Mono: successfully reloaded assembly
- Completed reload, in  2.394 seconds
Platform modules already initialized, skipping
Refreshing native plugins compatible for Editor in 1.04 ms, found 2 plugins.
Preloading 0 native plugins for Editor in 0.00 ms.
Unloading 3636 Unused Serialized files (Serialized files now loaded: 0)
System memory in use before: 289.1 MB.
System memory in use after: 288.8 MB.

Unloading 37 unused Assets to reduce memory usage. Loaded Objects now: 4143.
Total: 5.787458 ms (FindLiveObjects: 0.356917 ms CreateObjectMapping: 0.126750 ms MarkObjects: 4.614917 ms  DeleteObjects: 0.687583 ms)

========================================================================
Received Import Request.
  path: Assets/Custom Assets/Music/Scripts/PianoNoteTrigger.cs
  artifactKey: Guid(c55920ce9bd5746c18e0bf545683bff5) Importer(815301076,1909f56bfc062723c751e8b465ee728b)
Start importing Assets/Custom Assets/Music/Scripts/PianoNoteTrigger.cs using Guid(c55920ce9bd5746c18e0bf545683bff5) Importer(815301076,1909f56bfc062723c751e8b465ee728b)  -> (artifact id: '606c83d503212c8bc06a44409d7703c7') in 0.384032 seconds
  Import took 0.412277 seconds .

