Using pre-set license

 COMMAND LINE ARGUMENTS:
/Applications/Unity/Unity.app/Contents/MacOS/Unity
-adb2
-batchMode
-noUpm
-name
AssetImportWorker0
-projectPath
/Users/Jack/Documents/UNI/Games Engines/Coursework 2/Coursework 2
-logFile
Logs/AssetImportWorker0.log
-srvPort
49416
Successfully changed project path to: /Users/Jack/Documents/UNI/Games Engines/Coursework 2/Coursework 2
/Users/Jack/Documents/UNI/Games Engines/Coursework 2/Coursework 2
Using Asset Import Pipeline V2.
Refreshing native plugins compatible for Editor in 223.77 ms, found 2 plugins.
Preloading 0 native plugins for Editor in 0.00 ms.
Initialize engine version: 2020.3.8f1 (507919d4fff5)
[Subsystems] Discovering subsystems at path /Applications/Unity/Unity.app/Contents/Resources/UnitySubsystems
[Subsystems] Discovering subsystems at path /Users/Jack/Documents/UNI/Games Engines/Coursework 2/Coursework 2/Assets
GfxDevice: creating device client; threaded=0
2022-01-06 10:00:04.199 Unity[1083:10628] (null) preferred device: Apple M1 (high power)
2022-01-06 10:00:04.199 Unity[1083:10628] Metal devices available: 1
2022-01-06 10:00:04.199 Unity[1083:10628] 0: Apple M1 (high power)
2022-01-06 10:00:04.199 Unity[1083:10628] Using device Apple M1 (high power)
Initializing Metal device caps: Apple M1
Initialize mono
Mono path[0] = '/Applications/Unity/Unity.app/Contents/Managed'
Mono path[1] = '/Applications/Unity/Unity.app/Contents/MonoBleedingEdge/lib/mono/unityjit'
Mono config path = '/Applications/Unity/Unity.app/Contents/MonoBleedingEdge/etc'
Using monoOptions --debugger-agent=transport=dt_socket,embedding=1,server=y,suspend=n,address=127.0.0.1:56083
Begin MonoManager ReloadAssembly
Registering precompiled unity dll's ...
Register platform support module: /Applications/Unity/Unity.app/Contents/PlaybackEngines/MacStandaloneSupport/UnityEditor.OSXStandalone.Extensions.dll
Registered in 0.001216 seconds.
Native extension for OSXStandalone target not found
Refreshing native plugins compatible for Editor in 143.72 ms, found 2 plugins.
Preloading 0 native plugins for Editor in 0.00 ms.
Mono: successfully reloaded assembly
- Completed reload, in  2.129 seconds
Platform modules already initialized, skipping
Registering precompiled user dll's ...
Registered in 0.007154 seconds.
Begin MonoManager ReloadAssembly
Symbol file LoadedFromMemory doesn't match image /Users/Jack/Documents/UNI/Games Engines/Coursework 2/Coursework 2/Library/PackageCache/com.unity.visualscripting@1.7.5/Editor/VisualScripting.Core/Dependencies/YamlDotNet/Unity.VisualScripting.YamlDotNet.dll
Symbol file LoadedFromMemory doesn't match image /Users/Jack/Documents/UNI/Games Engines/Coursework 2/Coursework 2/Library/PackageCache/com.unity.visualscripting@1.7.5/Editor/VisualScripting.Core/Dependencies/DotNetZip/Unity.VisualScripting.IonicZip.dll
Native extension for OSXStandalone target not found
Refreshing native plugins compatible for Editor in 1.31 ms, found 2 plugins.
Preloading 0 native plugins for Editor in 0.00 ms.
Mono: successfully reloaded assembly
- Completed reload, in  2.842 seconds
Platform modules already initialized, skipping
========================================================================
Worker process is ready to serve import requests
Launching external process: /Applications/Unity/Unity.app/Contents/Tools/UnityShaderCompiler
Launched and connected shader compiler UnityShaderCompiler after 0.14 seconds
Refreshing native plugins compatible for Editor in 0.88 ms, found 2 plugins.
Preloading 0 native plugins for Editor in 0.00 ms.
Unloading 3736 Unused Serialized files (Serialized files now loaded: 0)
System memory in use before: 297.4 MB.
System memory in use after: 297.1 MB.

Unloading 113 unused Assets to reduce memory usage. Loaded Objects now: 4174.
Total: 8.541333 ms (FindLiveObjects: 0.479000 ms CreateObjectMapping: 0.114000 ms MarkObjects: 7.278792 ms  DeleteObjects: 0.668166 ms)

========================================================================
Received Import Request.
  path: Assets/pic 1.mat
  artifactKey: Guid(4e9f5279370db458dab62c155d94a380) Importer(815301076,1909f56bfc062723c751e8b465ee728b)
Start importing Assets/pic 1.mat using Guid(4e9f5279370db458dab62c155d94a380) Importer(815301076,1909f56bfc062723c751e8b465ee728b)  -> (artifact id: '5c97ba612c3c2a90fd953d231407becf') in 1.018732 seconds
  Import took 1.029148 seconds .

========================================================================
Received Import Request.
  Time since last request: 1586.742105 seconds.
  path: Assets/Custom Assets/Pink.mat
  artifactKey: Guid(f5257deb67ece9a47a558cef71b68196) Importer(815301076,1909f56bfc062723c751e8b465ee728b)
Start importing Assets/Custom Assets/Pink.mat using Guid(f5257deb67ece9a47a558cef71b68196) Importer(815301076,1909f56bfc062723c751e8b465ee728b)  -> (artifact id: 'fbe6e3af24af7c969c5de733e0855075') in 0.037774 seconds
  Import took 0.059727 seconds .

========================================================================
Received Import Request.
  Time since last request: 5.521632 seconds.
  path: Assets/Custom Assets/Green.mat
  artifactKey: Guid(0de756a5e01294641921cd17ce2d17bf) Importer(815301076,1909f56bfc062723c751e8b465ee728b)
Start importing Assets/Custom Assets/Green.mat using Guid(0de756a5e01294641921cd17ce2d17bf) Importer(815301076,1909f56bfc062723c751e8b465ee728b)  -> (artifact id: '6a3f9cee7d1d6243483f9edd15d159b0') in 0.009894 seconds
  Import took 0.017528 seconds .

========================================================================
Received Import Request.
  Time since last request: 4.591265 seconds.
  path: Assets/Custom Assets/Blue.mat
  artifactKey: Guid(b58c9dcfc3127d9418005f46ae3bb875) Importer(815301076,1909f56bfc062723c751e8b465ee728b)
Start importing Assets/Custom Assets/Blue.mat using Guid(b58c9dcfc3127d9418005f46ae3bb875) Importer(815301076,1909f56bfc062723c751e8b465ee728b)  -> (artifact id: '5580cd94f54ac1e8da69255295332f5a') in 0.010044 seconds
  Import took 0.017675 seconds .

========================================================================
Received Prepare
Registering precompiled user dll's ...
Registered in 0.004239 seconds.
Begin MonoManager ReloadAssembly
Symbol file LoadedFromMemory doesn't match image /Users/Jack/Documents/UNI/Games Engines/Coursework 2/Coursework 2/Library/PackageCache/com.unity.visualscripting@1.7.5/Editor/VisualScripting.Core/Dependencies/YamlDotNet/Unity.VisualScripting.YamlDotNet.dll
Symbol file LoadedFromMemory doesn't match image /Users/Jack/Documents/UNI/Games Engines/Coursework 2/Coursework 2/Library/PackageCache/com.unity.visualscripting@1.7.5/Editor/VisualScripting.Core/Dependencies/DotNetZip/Unity.VisualScripting.IonicZip.dll
Native extension for OSXStandalone target not found
Refreshing native plugins compatible for Editor in 2.06 ms, found 2 plugins.
Preloading 0 native plugins for Editor in 0.00 ms.
Warning: Annotation not found!
UnityEngine.StackTraceUtility:ExtractStackTrace () (at /Users/bokken/buildslave/unity/build/Runtime/Export/Scripting/StackTrace.cs:37)
UnityEditor.ProBuilder.EditorUtility:SetGizmoIconEnabled (System.Type,bool) (at Library/PackageCache/com.unity.probuilder@5.0.3/Editor/EditorCore/EditorUtility.cs:575)
UnityEditor.ProBuilder.HierarchyListener:.cctor () (at Library/PackageCache/com.unity.probuilder@5.0.3/Editor/EditorCore/HierarchyListener.cs:21)
System.Runtime.CompilerServices.RuntimeHelpers:RunClassConstructor (System.RuntimeTypeHandle)
UnityEditor.EditorAssemblies:ProcessInitializeOnLoadAttributes (System.Type[]) (at /Users/bokken/buildslave/unity/build/Editor/Mono/EditorAssemblies.cs:114)

[Library/PackageCache/com.unity.probuilder@5.0.3/Editor/EditorCore/EditorUtility.cs line 575]

Mono: successfully reloaded assembly
- Completed reload, in  2.399 seconds
Platform modules already initialized, skipping
Refreshing native plugins compatible for Editor in 0.91 ms, found 2 plugins.
Preloading 0 native plugins for Editor in 0.00 ms.
Unloading 3658 Unused Serialized files (Serialized files now loaded: 0)
System memory in use before: 298.6 MB.
System memory in use after: 298.3 MB.

Unloading 27 unused Assets to reduce memory usage. Loaded Objects now: 4216.
Total: 2.302708 ms (FindLiveObjects: 0.264834 ms CreateObjectMapping: 0.090000 ms MarkObjects: 1.508583 ms  DeleteObjects: 0.438583 ms)

========================================================================
Received Prepare
Registering precompiled user dll's ...
Registered in 0.004890 seconds.
Begin MonoManager ReloadAssembly
Symbol file LoadedFromMemory doesn't match image /Users/Jack/Documents/UNI/Games Engines/Coursework 2/Coursework 2/Library/PackageCache/com.unity.visualscripting@1.7.5/Editor/VisualScripting.Core/Dependencies/YamlDotNet/Unity.VisualScripting.YamlDotNet.dll
Symbol file LoadedFromMemory doesn't match image /Users/Jack/Documents/UNI/Games Engines/Coursework 2/Coursework 2/Library/PackageCache/com.unity.visualscripting@1.7.5/Editor/VisualScripting.Core/Dependencies/DotNetZip/Unity.VisualScripting.IonicZip.dll
Native extension for OSXStandalone target not found
Refreshing native plugins compatible for Editor in 0.95 ms, found 2 plugins.
Preloading 0 native plugins for Editor in 0.00 ms.
Warning: Annotation not found!
UnityEngine.StackTraceUtility:ExtractStackTrace () (at /Users/bokken/buildslave/unity/build/Runtime/Export/Scripting/StackTrace.cs:37)
UnityEditor.ProBuilder.EditorUtility:SetGizmoIconEnabled (System.Type,bool) (at Library/PackageCache/com.unity.probuilder@5.0.3/Editor/EditorCore/EditorUtility.cs:575)
UnityEditor.ProBuilder.HierarchyListener:.cctor () (at Library/PackageCache/com.unity.probuilder@5.0.3/Editor/EditorCore/HierarchyListener.cs:21)
System.Runtime.CompilerServices.RuntimeHelpers:RunClassConstructor (System.RuntimeTypeHandle)
UnityEditor.EditorAssemblies:ProcessInitializeOnLoadAttributes (System.Type[]) (at /Users/bokken/buildslave/unity/build/Editor/Mono/EditorAssemblies.cs:114)

[Library/PackageCache/com.unity.probuilder@5.0.3/Editor/EditorCore/EditorUtility.cs line 575]

Mono: successfully reloaded assembly
- Completed reload, in  2.337 seconds
Platform modules already initialized, skipping
Refreshing native plugins compatible for Editor in 0.92 ms, found 2 plugins.
Preloading 0 native plugins for Editor in 0.00 ms.
Unloading 3658 Unused Serialized files (Serialized files now loaded: 0)
System memory in use before: 299.1 MB.
System memory in use after: 298.8 MB.

Unloading 27 unused Assets to reduce memory usage. Loaded Objects now: 4218.
Total: 2.257333 ms (FindLiveObjects: 0.261959 ms CreateObjectMapping: 0.087834 ms MarkObjects: 1.444500 ms  DeleteObjects: 0.462125 ms)

========================================================================
Received Prepare
Registering precompiled user dll's ...
Registered in 0.004153 seconds.
Begin MonoManager ReloadAssembly
Symbol file LoadedFromMemory doesn't match image /Users/Jack/Documents/UNI/Games Engines/Coursework 2/Coursework 2/Library/PackageCache/com.unity.visualscripting@1.7.5/Editor/VisualScripting.Core/Dependencies/YamlDotNet/Unity.VisualScripting.YamlDotNet.dll
Symbol file LoadedFromMemory doesn't match image /Users/Jack/Documents/UNI/Games Engines/Coursework 2/Coursework 2/Library/PackageCache/com.unity.visualscripting@1.7.5/Editor/VisualScripting.Core/Dependencies/DotNetZip/Unity.VisualScripting.IonicZip.dll
Native extension for OSXStandalone target not found
Refreshing native plugins compatible for Editor in 1.17 ms, found 2 plugins.
Preloading 0 native plugins for Editor in 0.00 ms.
Warning: Annotation not found!
UnityEngine.StackTraceUtility:ExtractStackTrace () (at /Users/bokken/buildslave/unity/build/Runtime/Export/Scripting/StackTrace.cs:37)
UnityEditor.ProBuilder.EditorUtility:SetGizmoIconEnabled (System.Type,bool) (at Library/PackageCache/com.unity.probuilder@5.0.3/Editor/EditorCore/EditorUtility.cs:575)
UnityEditor.ProBuilder.HierarchyListener:.cctor () (at Library/PackageCache/com.unity.probuilder@5.0.3/Editor/EditorCore/HierarchyListener.cs:21)
System.Runtime.CompilerServices.RuntimeHelpers:RunClassConstructor (System.RuntimeTypeHandle)
UnityEditor.EditorAssemblies:ProcessInitializeOnLoadAttributes (System.Type[]) (at /Users/bokken/buildslave/unity/build/Editor/Mono/EditorAssemblies.cs:114)

[Library/PackageCache/com.unity.probuilder@5.0.3/Editor/EditorCore/EditorUtility.cs line 575]

Mono: successfully reloaded assembly
- Completed reload, in  2.363 seconds
Platform modules already initialized, skipping
Refreshing native plugins compatible for Editor in 0.99 ms, found 2 plugins.
Preloading 0 native plugins for Editor in 0.00 ms.
Unloading 3658 Unused Serialized files (Serialized files now loaded: 0)
System memory in use before: 299.6 MB.
System memory in use after: 299.2 MB.

Unloading 27 unused Assets to reduce memory usage. Loaded Objects now: 4220.
Total: 2.359875 ms (FindLiveObjects: 0.271708 ms CreateObjectMapping: 0.085500 ms MarkObjects: 1.529792 ms  DeleteObjects: 0.471958 ms)

========================================================================
Received Import Request.
  Time since last request: 370.224717 seconds.
  path: Assets/AssetStoreOriginals/Fantasy Skybox FREE/Materials
  artifactKey: Guid(e0454b514da2ecd429e000f40050d4fa) Importer(815301076,1909f56bfc062723c751e8b465ee728b)
Start importing Assets/AssetStoreOriginals/Fantasy Skybox FREE/Materials using Guid(e0454b514da2ecd429e000f40050d4fa) Importer(815301076,1909f56bfc062723c751e8b465ee728b)  -> (artifact id: '2895e23eff965bb230172ddf2f4cb473') in 0.033522 seconds
  Import took 0.061649 seconds .

========================================================================
Received Import Request.
  Time since last request: 1.788643 seconds.
  path: Assets/AssetStoreOriginals/Fantasy Skybox FREE/Materials/FS002
  artifactKey: Guid(c862ef60191075042a6f4ac7dd6f19b1) Importer(815301076,1909f56bfc062723c751e8b465ee728b)
Start importing Assets/AssetStoreOriginals/Fantasy Skybox FREE/Materials/FS002 using Guid(c862ef60191075042a6f4ac7dd6f19b1) Importer(815301076,1909f56bfc062723c751e8b465ee728b)  -> (artifact id: '400298d733d738fb905a1e2e1e57e851') in 0.001042 seconds
  Import took 0.008649 seconds .

========================================================================
Received Import Request.
  Time since last request: 0.000494 seconds.
  path: Assets/AssetStoreOriginals/Fantasy Skybox FREE/Materials/FS002
  artifactKey: Guid(c862ef60191075042a6f4ac7dd6f19b1) Importer(815301076,1909f56bfc062723c751e8b465ee728b)
Start importing Assets/AssetStoreOriginals/Fantasy Skybox FREE/Materials/FS002 using Guid(c862ef60191075042a6f4ac7dd6f19b1) Importer(815301076,1909f56bfc062723c751e8b465ee728b)  -> (artifact id: '400298d733d738fb905a1e2e1e57e851') in 0.000896 seconds
  Import took 0.007280 seconds .

========================================================================
Received Import Request.
  Time since last request: 0.074275 seconds.
  path: Assets/AssetStoreOriginals/Fantasy Skybox FREE/Materials/FS002/FS002_Day.mat
  artifactKey: Guid(9ca22510633fbfd4399f1704cd9d5c72) Importer(815301076,1909f56bfc062723c751e8b465ee728b)
Start importing Assets/AssetStoreOriginals/Fantasy Skybox FREE/Materials/FS002/FS002_Day.mat using Guid(9ca22510633fbfd4399f1704cd9d5c72) Importer(815301076,1909f56bfc062723c751e8b465ee728b)  -> (artifact id: 'c609cadc28805975fc59dd316371991b') in 0.285761 seconds
  Import took 0.291318 seconds .

========================================================================
Received Import Request.
  Time since last request: 0.000239 seconds.
  path: Assets/AssetStoreOriginals/Fantasy Skybox FREE/Materials/FS002/FS002_Day_Sunless.png
  artifactKey: Guid(e2c576b6d07638b468b5ba303a3a07cb) Importer(815301076,1909f56bfc062723c751e8b465ee728b)
Start importing Assets/AssetStoreOriginals/Fantasy Skybox FREE/Materials/FS002/FS002_Day_Sunless.png using Guid(e2c576b6d07638b468b5ba303a3a07cb) Importer(815301076,1909f56bfc062723c751e8b465ee728b)  -> (artifact id: 'f67eb1d5ff0b0db14cb240e1f219bd3d') in 0.593442 seconds
  Import took 0.598640 seconds .

========================================================================
Received Import Request.
  Time since last request: 0.000246 seconds.
  path: Assets/AssetStoreOriginals/Fantasy Skybox FREE/Materials/FS002/FS002_Day_Sunless.mat
  artifactKey: Guid(67950864b84c5db4f9eee7ca51c85571) Importer(815301076,1909f56bfc062723c751e8b465ee728b)
Start importing Assets/AssetStoreOriginals/Fantasy Skybox FREE/Materials/FS002/FS002_Day_Sunless.mat using Guid(67950864b84c5db4f9eee7ca51c85571) Importer(815301076,1909f56bfc062723c751e8b465ee728b)  -> (artifact id: 'a4e73a2f7b001892c6860d211d80b2db') in 0.017056 seconds
  Import took 0.021862 seconds .

========================================================================
Received Import Request.
  Time since last request: 0.000171 seconds.
  path: Assets/AssetStoreOriginals/Fantasy Skybox FREE/Materials/FS002/FS002_Sunset.png
  artifactKey: Guid(88c4ef1770f6491408e50fd96829b1b6) Importer(815301076,1909f56bfc062723c751e8b465ee728b)
Start importing Assets/AssetStoreOriginals/Fantasy Skybox FREE/Materials/FS002/FS002_Sunset.png using Guid(88c4ef1770f6491408e50fd96829b1b6) Importer(815301076,1909f56bfc062723c751e8b465ee728b)  -> (artifact id: '5f6bf15c6237b1d97614c8752f9ba2b1') in 0.008710 seconds
  Import took 0.014621 seconds .

========================================================================
Received Import Request.
  Time since last request: 0.000210 seconds.
  path: Assets/AssetStoreOriginals/Fantasy Skybox FREE/Materials/FS002/FS002_Sunset.mat
  artifactKey: Guid(44d0573bf6d91e447b62f3aff840f2ae) Importer(815301076,1909f56bfc062723c751e8b465ee728b)
Start importing Assets/AssetStoreOriginals/Fantasy Skybox FREE/Materials/FS002/FS002_Sunset.mat using Guid(44d0573bf6d91e447b62f3aff840f2ae) Importer(815301076,1909f56bfc062723c751e8b465ee728b)  -> (artifact id: '28b6ee9cb45361ba3e380b7bcfbefc95') in 0.008625 seconds
  Import took 0.013703 seconds .

========================================================================
Received Import Request.
  Time since last request: 0.000215 seconds.
  path: Assets/AssetStoreOriginals/Fantasy Skybox FREE/Materials/FS002/FS002_Night_Moonless.png
  artifactKey: Guid(13ec4f589b2340646969832fc2e68ec6) Importer(815301076,1909f56bfc062723c751e8b465ee728b)
Start importing Assets/AssetStoreOriginals/Fantasy Skybox FREE/Materials/FS002/FS002_Night_Moonless.png using Guid(13ec4f589b2340646969832fc2e68ec6) Importer(815301076,1909f56bfc062723c751e8b465ee728b)  -> (artifact id: '90c3aeda5ddd7a7933b6be95024cedbb') in 0.008082 seconds
  Import took 0.013135 seconds .

========================================================================
Received Import Request.
  Time since last request: 0.000199 seconds.
  path: Assets/AssetStoreOriginals/Fantasy Skybox FREE/Materials/FS002/FS002_Night.mat
  artifactKey: Guid(d1fdb8e44b28da34d9e922cca0bc740e) Importer(815301076,1909f56bfc062723c751e8b465ee728b)
Start importing Assets/AssetStoreOriginals/Fantasy Skybox FREE/Materials/FS002/FS002_Night.mat using Guid(d1fdb8e44b28da34d9e922cca0bc740e) Importer(815301076,1909f56bfc062723c751e8b465ee728b)  -> (artifact id: 'c9c101246df9fbacf9342cee39a4f951') in 0.010491 seconds
  Import took 0.014987 seconds .

========================================================================
Received Import Request.
  Time since last request: 0.000233 seconds.
  path: Assets/AssetStoreOriginals/Fantasy Skybox FREE/Materials/FS002/FS002_Snowy.png
  artifactKey: Guid(0ffe8585761fae642bd4d7d85819a5f5) Importer(815301076,1909f56bfc062723c751e8b465ee728b)
Start importing Assets/AssetStoreOriginals/Fantasy Skybox FREE/Materials/FS002/FS002_Snowy.png using Guid(0ffe8585761fae642bd4d7d85819a5f5) Importer(815301076,1909f56bfc062723c751e8b465ee728b)  -> (artifact id: '2a83cbfe31fd983186b91dda7ac89298') in 0.006936 seconds
  Import took 0.011127 seconds .

========================================================================
Received Import Request.
  Time since last request: 0.000177 seconds.
  path: Assets/AssetStoreOriginals/Fantasy Skybox FREE/Materials/FS002/FS002_Sunrise.png
  artifactKey: Guid(7deb3454b299fae498f2365d40aee326) Importer(815301076,1909f56bfc062723c751e8b465ee728b)
Start importing Assets/AssetStoreOriginals/Fantasy Skybox FREE/Materials/FS002/FS002_Sunrise.png using Guid(7deb3454b299fae498f2365d40aee326) Importer(815301076,1909f56bfc062723c751e8b465ee728b)  -> (artifact id: '0db5589a495ca2f9cdeaa3cea16bfed8') in 0.007550 seconds
  Import took 0.011964 seconds .

========================================================================
Received Import Request.
  Time since last request: 0.000197 seconds.
  path: Assets/AssetStoreOriginals/Fantasy Skybox FREE/Materials/FS002/FS002_Rainy.mat
  artifactKey: Guid(b5a27fa4b11bfb24cbc6daff3802c229) Importer(815301076,1909f56bfc062723c751e8b465ee728b)
Start importing Assets/AssetStoreOriginals/Fantasy Skybox FREE/Materials/FS002/FS002_Rainy.mat using Guid(b5a27fa4b11bfb24cbc6daff3802c229) Importer(815301076,1909f56bfc062723c751e8b465ee728b)  -> (artifact id: '71312d9530e65c9f221e3836202072dd') in 0.010179 seconds
  Import took 0.015011 seconds .

========================================================================
Received Import Request.
  Time since last request: 0.000203 seconds.
  path: Assets/AssetStoreOriginals/Fantasy Skybox FREE/Materials/FS002/FS002_Day.png
  artifactKey: Guid(90bac99dc822bf641b140cdc291b845e) Importer(815301076,1909f56bfc062723c751e8b465ee728b)
Start importing Assets/AssetStoreOriginals/Fantasy Skybox FREE/Materials/FS002/FS002_Day.png using Guid(90bac99dc822bf641b140cdc291b845e) Importer(815301076,1909f56bfc062723c751e8b465ee728b)  -> (artifact id: 'c6c16b7132463603224b7bcb6a63e32a') in 0.005851 seconds
  Import took 0.009691 seconds .

========================================================================
Received Import Request.
  Time since last request: 0.000177 seconds.
  path: Assets/AssetStoreOriginals/Fantasy Skybox FREE/Materials/FS002/FS002_Sunrise.mat
  artifactKey: Guid(7c86d4abbd33b564b9e773aceadb8572) Importer(815301076,1909f56bfc062723c751e8b465ee728b)
Start importing Assets/AssetStoreOriginals/Fantasy Skybox FREE/Materials/FS002/FS002_Sunrise.mat using Guid(7c86d4abbd33b564b9e773aceadb8572) Importer(815301076,1909f56bfc062723c751e8b465ee728b)  -> (artifact id: '8ad1272f56abe801f9e6913ccdcc6823') in 0.008052 seconds
  Import took 0.012280 seconds .

========================================================================
Received Import Request.
  Time since last request: 0.000189 seconds.
  path: Assets/AssetStoreOriginals/Fantasy Skybox FREE/Materials/FS002/FS002_Night.png
  artifactKey: Guid(3cf4d52b14bd4254d9f4fd063f8d9bfd) Importer(815301076,1909f56bfc062723c751e8b465ee728b)
Start importing Assets/AssetStoreOriginals/Fantasy Skybox FREE/Materials/FS002/FS002_Night.png using Guid(3cf4d52b14bd4254d9f4fd063f8d9bfd) Importer(815301076,1909f56bfc062723c751e8b465ee728b)  -> (artifact id: 'dfc587b10fc665d056bc4b4be430e9c7') in 0.006061 seconds
  Import took 0.010427 seconds .

========================================================================
Received Import Request.
  Time since last request: 0.000226 seconds.
  path: Assets/AssetStoreOriginals/Fantasy Skybox FREE/Materials/FS002/FS002_Night_Moonless.mat
  artifactKey: Guid(1cc6e6796f833a94f94e6d794ca654c3) Importer(815301076,1909f56bfc062723c751e8b465ee728b)
Start importing Assets/AssetStoreOriginals/Fantasy Skybox FREE/Materials/FS002/FS002_Night_Moonless.mat using Guid(1cc6e6796f833a94f94e6d794ca654c3) Importer(815301076,1909f56bfc062723c751e8b465ee728b)  -> (artifact id: '04540194e1bca503d00c05386b120a2c') in 0.008051 seconds
  Import took 0.012070 seconds .

========================================================================
Received Import Request.
  Time since last request: 0.000229 seconds.
  path: Assets/AssetStoreOriginals/Fantasy Skybox FREE/Materials/FS002/FS002_Rainy.png
  artifactKey: Guid(9183c8173b34a5741a60673a672347cb) Importer(815301076,1909f56bfc062723c751e8b465ee728b)
Start importing Assets/AssetStoreOriginals/Fantasy Skybox FREE/Materials/FS002/FS002_Rainy.png using Guid(9183c8173b34a5741a60673a672347cb) Importer(815301076,1909f56bfc062723c751e8b465ee728b)  -> (artifact id: 'e036aac4d19ff2da36e1e068f7a3c5fe') in 0.005415 seconds
  Import took 0.009363 seconds .

========================================================================
Received Import Request.
  Time since last request: 0.000204 seconds.
  path: Assets/AssetStoreOriginals/Fantasy Skybox FREE/Materials/FS002/FS002_Snowy.mat
  artifactKey: Guid(7b0f2096b49ccfb4f8b47c8084d650fa) Importer(815301076,1909f56bfc062723c751e8b465ee728b)
Start importing Assets/AssetStoreOriginals/Fantasy Skybox FREE/Materials/FS002/FS002_Snowy.mat using Guid(7b0f2096b49ccfb4f8b47c8084d650fa) Importer(815301076,1909f56bfc062723c751e8b465ee728b)  -> (artifact id: '42eda5e8832e427219f003a50d8c2e9c') in 0.007719 seconds
  Import took 0.011620 seconds .

